Deposit called
Withdraw called
Transfer called
Withdraw called
Deposit called
User registration called
Account creation called
Account approval called
User registration called
Deposit called
Account creation called
Account approval called
Deposit called
Withdraw called
Account creation called
Account approval called
Transfer called
Transfer called
User registration called
Account creation called
Account creation called
Account creation called
Account approval called
Account approval called
Account denyed called
Deposit called
Withdraw called
Transfer called
